<?xml version="1.0" encoding="UTF-8"?>
<coverage generated="1777114468847" clover="3.2.0">
  <project timestamp="1777114468847" name="All files">
    <metrics statements="119" coveredstatements="119" conditionals="51" coveredconditionals="51" methods="12" coveredmethods="12" elements="182" coveredelements="182" complexity="0" loc="119" ncloc="119" packages="1" files="2" classes="2"/>
    <file name="bookings.js" path="D:\james\cedt\1-2\software-engineering\seraja\se-project-be-68-2-seraja\controllers\bookings.js">
      <metrics statements="54" coveredstatements="54" conditionals="27" coveredconditionals="27" methods="5" coveredmethods="5"/>
      <line num="1" count="1" type="stmt"/>
      <line num="2" count="1" type="stmt"/>
      <line num="4" count="1" type="stmt"/>
      <line num="793" count="1" type="stmt"/>
      <line num="794" count="5" type="stmt"/>
      <line num="795" count="5" type="stmt"/>
      <line num="798" count="5" type="stmt"/>
      <line num="801" count="5" type="stmt"/>
      <line num="802" count="20" type="stmt"/>
      <line num="805" count="5" type="stmt"/>
      <line num="806" count="5" type="stmt"/>
      <line num="808" count="1" type="stmt"/>
      <line num="811" count="5" type="stmt"/>
      <line num="814" count="5" type="stmt"/>
      <line num="815" count="5" type="stmt"/>
      <line num="818" count="5" type="stmt"/>
      <line num="825" count="5" type="stmt"/>
      <line num="830" count="5" type="stmt"/>
      <line num="842" count="4" type="cond" truecount="2" falsecount="0"/>
      <line num="843" count="1" type="stmt"/>
      <line num="844" count="1" type="stmt"/>
      <line num="846" count="3" type="stmt"/>
      <line num="849" count="4" type="stmt"/>
      <line num="853" count="4" type="cond" truecount="2" falsecount="0"/>
      <line num="854" count="4" type="cond" truecount="2" falsecount="0"/>
      <line num="858" count="4" type="stmt"/>
      <line num="865" count="1" type="stmt"/>
      <line num="866" count="1" type="stmt"/>
      <line num="876" count="1" type="stmt"/>
      <line num="877" count="10" type="stmt"/>
      <line num="878" count="10" type="stmt"/>
      <line num="881" count="10" type="cond" truecount="2" falsecount="0"/>
      <line num="882" count="1" type="stmt"/>
      <line num="889" count="9" type="stmt"/>
      <line num="891" count="8" type="cond" truecount="2" falsecount="0"/>
      <line num="892" count="1" type="stmt"/>
      <line num="899" count="7" type="cond" truecount="4" falsecount="0"/>
      <line num="900" count="1" type="stmt"/>
      <line num="906" count="6" type="cond" truecount="2" falsecount="0"/>
      <line num="907" count="1" type="stmt"/>
      <line num="914" count="5" type="cond" truecount="2" falsecount="0"/>
      <line num="915" count="1" type="stmt"/>
      <line num="922" count="4" type="cond" truecount="2" falsecount="0"/>
      <line num="923" count="1" type="stmt"/>
      <line num="930" count="3" type="cond" truecount="5" falsecount="0"/>
      <line num="931" count="1" type="stmt"/>
      <line num="938" count="2" type="stmt"/>
      <line num="939" count="2" type="cond" truecount="2" falsecount="0"/>
      <line num="940" count="2" type="stmt"/>
      <line num="941" count="2" type="stmt"/>
      <line num="943" count="2" type="stmt"/>
      <line num="945" count="2" type="stmt"/>
      <line num="950" count="1" type="stmt"/>
      <line num="951" count="1" type="stmt"/>
    </file>
    <file name="campgrounds.js" path="D:\james\cedt\1-2\software-engineering\seraja\se-project-be-68-2-seraja\controllers\campgrounds.js">
      <metrics statements="65" coveredstatements="65" conditionals="24" coveredconditionals="24" methods="7" coveredmethods="7"/>
      <line num="1" count="1" type="stmt"/>
      <line num="2" count="1" type="stmt"/>
      <line num="7" count="1" type="stmt"/>
      <line num="8" count="3" type="stmt"/>
      <line num="10" count="3" type="stmt"/>
      <line num="13" count="3" type="stmt"/>
      <line num="15" count="12" type="stmt"/>
      <line num="18" count="3" type="stmt"/>
      <line num="20" count="3" type="stmt"/>
      <line num="22" count="1" type="stmt"/>
      <line num="25" count="3" type="stmt"/>
      <line num="28" count="3" type="cond" truecount="2" falsecount="0"/>
      <line num="29" count="1" type="stmt"/>
      <line num="30" count="1" type="stmt"/>
      <line num="34" count="3" type="cond" truecount="2" falsecount="0"/>
      <line num="35" count="1" type="stmt"/>
      <line num="36" count="1" type="stmt"/>
      <line num="38" count="2" type="stmt"/>
      <line num="42" count="3" type="cond" truecount="2" falsecount="0"/>
      <line num="43" count="3" type="cond" truecount="2" falsecount="0"/>
      <line num="44" count="3" type="stmt"/>
      <line num="46" count="3" type="stmt"/>
      <line num="48" count="3" type="stmt"/>
      <line num="50" count="2" type="stmt"/>
      <line num="56" count="1" type="stmt"/>
      <line num="57" count="1" type="stmt"/>
      <line num="64" count="1" type="stmt"/>
      <line num="65" count="3" type="stmt"/>
      <line num="66" count="3" type="stmt"/>
      <line num="68" count="2" type="cond" truecount="2" falsecount="0"/>
      <line num="69" count="1" type="stmt"/>
      <line num="72" count="1" type="stmt"/>
      <line num="74" count="1" type="stmt"/>
      <line num="81" count="1" type="stmt"/>
      <line num="82" count="3" type="stmt"/>
      <line num="83" count="3" type="cond" truecount="2" falsecount="0"/>
      <line num="84" count="1" type="stmt"/>
      <line num="90" count="2" type="stmt"/>
      <line num="91" count="1" type="stmt"/>
      <line num="93" count="1" type="stmt"/>
      <line num="94" count="1" type="stmt"/>
      <line num="101" count="1" type="stmt"/>
      <line num="102" count="5" type="stmt"/>
      <line num="103" count="5" type="stmt"/>
      <line num="105" count="4" type="cond" truecount="2" falsecount="0"/>
      <line num="106" count="1" type="stmt"/>
      <line num="109" count="3" type="cond" truecount="2" falsecount="0"/>
      <line num="113" count="1" type="stmt"/>
      <line num="120" count="2" type="cond" truecount="2" falsecount="0"/>
      <line num="121" count="1" type="stmt"/>
      <line num="124" count="2" type="stmt"/>
      <line num="129" count="2" type="stmt"/>
      <line num="131" count="1" type="stmt"/>
      <line num="138" count="1" type="stmt"/>
      <line num="139" count="4" type="stmt"/>
      <line num="140" count="4" type="cond" truecount="2" falsecount="0"/>
      <line num="141" count="1" type="stmt"/>
      <line num="147" count="3" type="stmt"/>
      <line num="149" count="2" type="cond" truecount="2" falsecount="0"/>
      <line num="150" count="1" type="stmt"/>
      <line num="154" count="1" type="stmt"/>
      <line num="155" count="1" type="stmt"/>
      <line num="157" count="1" type="stmt"/>
      <line num="159" count="1" type="stmt"/>
      <line num="160" count="1" type="stmt"/>
    </file>
  </project>
</coverage>
