<?xml version="1.0" encoding="UTF-8"?>
<coverage generated="1776911898073" clover="3.2.0">
  <project timestamp="1776911898073" name="All files">
    <metrics statements="54" coveredstatements="54" conditionals="27" coveredconditionals="27" methods="5" coveredmethods="5" elements="86" coveredelements="86" complexity="0" loc="54" ncloc="54" packages="1" files="1" classes="1"/>
    <file name="bookings.js" path="/Users/nattachai/CEDT/project/CampProject/se-project-be-68-2-seraja/controllers/bookings.js">
      <metrics statements="54" coveredstatements="54" conditionals="27" coveredconditionals="27" methods="5" coveredmethods="5"/>
      <line num="1" count="1" type="stmt"/>
      <line num="2" count="1" type="stmt"/>
      <line num="4" count="1" type="stmt"/>
      <line num="793" count="1" type="stmt"/>
      <line num="794" count="5" type="stmt"/>
      <line num="795" count="5" type="stmt"/>
      <line num="798" count="5" type="stmt"/>
      <line num="801" count="5" type="stmt"/>
      <line num="802" count="20" type="stmt"/>
      <line num="805" count="5" type="stmt"/>
      <line num="806" count="5" type="stmt"/>
      <line num="808" count="1" type="stmt"/>
      <line num="811" count="5" type="stmt"/>
      <line num="814" count="5" type="stmt"/>
      <line num="815" count="5" type="stmt"/>
      <line num="818" count="5" type="stmt"/>
      <line num="825" count="5" type="stmt"/>
      <line num="830" count="5" type="stmt"/>
      <line num="842" count="4" type="cond" truecount="2" falsecount="0"/>
      <line num="843" count="1" type="stmt"/>
      <line num="844" count="1" type="stmt"/>
      <line num="846" count="3" type="stmt"/>
      <line num="849" count="4" type="stmt"/>
      <line num="853" count="4" type="cond" truecount="2" falsecount="0"/>
      <line num="854" count="4" type="cond" truecount="2" falsecount="0"/>
      <line num="858" count="4" type="stmt"/>
      <line num="865" count="1" type="stmt"/>
      <line num="866" count="1" type="stmt"/>
      <line num="876" count="1" type="stmt"/>
      <line num="877" count="10" type="stmt"/>
      <line num="878" count="10" type="stmt"/>
      <line num="881" count="10" type="cond" truecount="2" falsecount="0"/>
      <line num="882" count="1" type="stmt"/>
      <line num="889" count="9" type="stmt"/>
      <line num="891" count="8" type="cond" truecount="2" falsecount="0"/>
      <line num="892" count="1" type="stmt"/>
      <line num="899" count="7" type="cond" truecount="4" falsecount="0"/>
      <line num="900" count="1" type="stmt"/>
      <line num="906" count="6" type="cond" truecount="2" falsecount="0"/>
      <line num="907" count="1" type="stmt"/>
      <line num="914" count="5" type="cond" truecount="2" falsecount="0"/>
      <line num="915" count="1" type="stmt"/>
      <line num="922" count="4" type="cond" truecount="2" falsecount="0"/>
      <line num="923" count="1" type="stmt"/>
      <line num="930" count="3" type="cond" truecount="5" falsecount="0"/>
      <line num="931" count="1" type="stmt"/>
      <line num="938" count="2" type="stmt"/>
      <line num="939" count="2" type="cond" truecount="2" falsecount="0"/>
      <line num="940" count="2" type="stmt"/>
      <line num="941" count="2" type="stmt"/>
      <line num="943" count="2" type="stmt"/>
      <line num="945" count="2" type="stmt"/>
      <line num="950" count="1" type="stmt"/>
      <line num="951" count="1" type="stmt"/>
    </file>
  </project>
</coverage>
