{"D:\\james\\cedt\\1-2\\software-engineering\\seraja\\se-project-be-68-2-seraja\\controllers\\bookings.js": {"path":"D:\\james\\cedt\\1-2\\software-engineering\\seraja\\se-project-be-68-2-seraja\\controllers\\bookings.js","statementMap":{"0":{"start":{"line":1,"column":16},"end":{"line":1,"column":44}},"1":{"start":{"line":2,"column":19},"end":{"line":2,"column":50}},"2":{"start":{"line":4,"column":17},"end":{"line":13,"column":1}},"3":{"start":{"line":793,"column":0},"end":{"line":871,"column":2}},"4":{"start":{"line":794,"column":2},"end":{"line":870,"column":3}},"5":{"start":{"line":795,"column":25},"end":{"line":795,"column":38}},"6":{"start":{"line":798,"column":19},"end":{"line":798,"column":35}},"7":{"start":{"line":801,"column":25},"end":{"line":801,"column":60}},"8":{"start":{"line":802,"column":4},"end":{"line":802,"column":60}},"9":{"start":{"line":802,"column":36},"end":{"line":802,"column":58}},"10":{"start":{"line":805,"column":19},"end":{"line":805,"column":43}},"11":{"start":{"line":806,"column":4},"end":{"line":809,"column":6}},"12":{"start":{"line":808,"column":17},"end":{"line":808,"column":28}},"13":{"start":{"line":811,"column":23},"end":{"line":811,"column":43}},"14":{"start":{"line":814,"column":4},"end":{"line":814,"column":29}},"15":{"start":{"line":815,"column":4},"end":{"line":815,"column":33}},"16":{"start":{"line":818,"column":22},"end":{"line":822,"column":5}},"17":{"start":{"line":825,"column":23},"end":{"line":828,"column":5}},"18":{"start":{"line":830,"column":16},"end":{"line":839,"column":6}},"19":{"start":{"line":842,"column":4},"end":{"line":847,"column":5}},"20":{"start":{"line":843,"column":21},"end":{"line":843,"column":56}},"21":{"start":{"line":844,"column":6},"end":{"line":844,"column":33}},"22":{"start":{"line":846,"column":6},"end":{"line":846,"column":46}},"23":{"start":{"line":849,"column":20},"end":{"line":849,"column":31}},"24":{"start":{"line":853,"column":6},"end":{"line":856,"column":11}},"25":{"start":{"line":854,"column":37},"end":{"line":854,"column":65}},"26":{"start":{"line":858,"column":4},"end":{"line":863,"column":7}},"27":{"start":{"line":865,"column":4},"end":{"line":865,"column":23}},"28":{"start":{"line":866,"column":4},"end":{"line":869,"column":7}},"29":{"start":{"line":876,"column":0},"end":{"line":956,"column":2}},"30":{"start":{"line":877,"column":2},"end":{"line":955,"column":3}},"31":{"start":{"line":878,"column":46},"end":{"line":878,"column":54}},"32":{"start":{"line":881,"column":4},"end":{"line":886,"column":5}},"33":{"start":{"line":882,"column":6},"end":{"line":885,"column":9}},"34":{"start":{"line":889,"column":20},"end":{"line":889,"column":57}},"35":{"start":{"line":891,"column":4},"end":{"line":896,"column":5}},"36":{"start":{"line":892,"column":6},"end":{"line":895,"column":9}},"37":{"start":{"line":899,"column":4},"end":{"line":904,"column":5}},"38":{"start":{"line":900,"column":6},"end":{"line":903,"column":9}},"39":{"start":{"line":906,"column":4},"end":{"line":911,"column":5}},"40":{"start":{"line":907,"column":6},"end":{"line":910,"column":9}},"41":{"start":{"line":914,"column":4},"end":{"line":919,"column":5}},"42":{"start":{"line":915,"column":6},"end":{"line":918,"column":9}},"43":{"start":{"line":922,"column":4},"end":{"line":927,"column":5}},"44":{"start":{"line":923,"column":6},"end":{"line":926,"column":9}},"45":{"start":{"line":930,"column":4},"end":{"line":935,"column":5}},"46":{"start":{"line":931,"column":6},"end":{"line":934,"column":9}},"47":{"start":{"line":938,"column":4},"end":{"line":938,"column":42}},"48":{"start":{"line":939,"column":4},"end":{"line":939,"column":52}},"49":{"start":{"line":940,"column":4},"end":{"line":940,"column":42}},"50":{"start":{"line":941,"column":4},"end":{"line":941,"column":32}},"51":{"start":{"line":943,"column":4},"end":{"line":943,"column":25}},"52":{"start":{"line":945,"column":4},"end":{"line":948,"column":7}},"53":{"start":{"line":950,"column":4},"end":{"line":950,"column":23}},"54":{"start":{"line":951,"column":4},"end":{"line":954,"column":7}}},"fnMap":{"0":{"name":"(anonymous_0)","decl":{"start":{"line":793,"column":30},"end":{"line":793,"column":31}},"loc":{"start":{"line":793,"column":50},"end":{"line":871,"column":1}},"line":793},"1":{"name":"(anonymous_1)","decl":{"start":{"line":802,"column":25},"end":{"line":802,"column":26}},"loc":{"start":{"line":802,"column":36},"end":{"line":802,"column":58}},"line":802},"2":{"name":"(anonymous_2)","decl":{"start":{"line":808,"column":6},"end":{"line":808,"column":7}},"loc":{"start":{"line":808,"column":17},"end":{"line":808,"column":28}},"line":808},"3":{"name":"(anonymous_3)","decl":{"start":{"line":854,"column":25},"end":{"line":854,"column":26}},"loc":{"start":{"line":854,"column":37},"end":{"line":854,"column":65}},"line":854},"4":{"name":"(anonymous_4)","decl":{"start":{"line":876,"column":23},"end":{"line":876,"column":24}},"loc":{"start":{"line":876,"column":43},"end":{"line":956,"column":1}},"line":876}},"branchMap":{"0":{"loc":{"start":{"line":842,"column":4},"end":{"line":847,"column":5}},"type":"if","locations":[{"start":{"line":842,"column":4},"end":{"line":847,"column":5}},{"start":{"line":845,"column":11},"end":{"line":847,"column":5}}],"line":842},"1":{"loc":{"start":{"line":853,"column":6},"end":{"line":856,"column":11}},"type":"cond-expr","locations":[{"start":{"line":854,"column":10},"end":{"line":855,"column":24}},{"start":{"line":856,"column":10},"end":{"line":856,"column":11}}],"line":853},"2":{"loc":{"start":{"line":854,"column":44},"end":{"line":854,"column":64}},"type":"binary-expr","locations":[{"start":{"line":854,"column":44},"end":{"line":854,"column":59}},{"start":{"line":854,"column":63},"end":{"line":854,"column":64}}],"line":854},"3":{"loc":{"start":{"line":881,"column":4},"end":{"line":886,"column":5}},"type":"if","locations":[{"start":{"line":881,"column":4},"end":{"line":886,"column":5}},{"start":{},"end":{}}],"line":881},"4":{"loc":{"start":{"line":891,"column":4},"end":{"line":896,"column":5}},"type":"if","locations":[{"start":{"line":891,"column":4},"end":{"line":896,"column":5}},{"start":{},"end":{}}],"line":891},"5":{"loc":{"start":{"line":899,"column":4},"end":{"line":904,"column":5}},"type":"if","locations":[{"start":{"line":899,"column":4},"end":{"line":904,"column":5}},{"start":{},"end":{}}],"line":899},"6":{"loc":{"start":{"line":899,"column":8},"end":{"line":899,"column":76}},"type":"binary-expr","locations":[{"start":{"line":899,"column":8},"end":{"line":899,"column":21}},{"start":{"line":899,"column":25},"end":{"line":899,"column":76}}],"line":899},"7":{"loc":{"start":{"line":906,"column":4},"end":{"line":911,"column":5}},"type":"if","locations":[{"start":{"line":906,"column":4},"end":{"line":911,"column":5}},{"start":{},"end":{}}],"line":906},"8":{"loc":{"start":{"line":914,"column":4},"end":{"line":919,"column":5}},"type":"if","locations":[{"start":{"line":914,"column":4},"end":{"line":919,"column":5}},{"start":{},"end":{}}],"line":914},"9":{"loc":{"start":{"line":922,"column":4},"end":{"line":927,"column":5}},"type":"if","locations":[{"start":{"line":922,"column":4},"end":{"line":927,"column":5}},{"start":{},"end":{}}],"line":922},"10":{"loc":{"start":{"line":930,"column":4},"end":{"line":935,"column":5}},"type":"if","locations":[{"start":{"line":930,"column":4},"end":{"line":935,"column":5}},{"start":{},"end":{}}],"line":930},"11":{"loc":{"start":{"line":930,"column":8},"end":{"line":930,"column":64}},"type":"binary-expr","locations":[{"start":{"line":930,"column":8},"end":{"line":930,"column":22}},{"start":{"line":930,"column":26},"end":{"line":930,"column":43}},{"start":{"line":930,"column":47},"end":{"line":930,"column":64}}],"line":930},"12":{"loc":{"start":{"line":939,"column":29},"end":{"line":939,"column":51}},"type":"binary-expr","locations":[{"start":{"line":939,"column":29},"end":{"line":939,"column":43}},{"start":{"line":939,"column":47},"end":{"line":939,"column":51}}],"line":939}},"s":{"0":1,"1":1,"2":1,"3":1,"4":5,"5":5,"6":5,"7":5,"8":5,"9":20,"10":5,"11":5,"12":1,"13":5,"14":5,"15":5,"16":5,"17":5,"18":5,"19":4,"20":1,"21":1,"22":3,"23":4,"24":4,"25":4,"26":4,"27":1,"28":1,"29":1,"30":10,"31":10,"32":10,"33":1,"34":9,"35":8,"36":1,"37":7,"38":1,"39":6,"40":1,"41":5,"42":1,"43":4,"44":1,"45":3,"46":1,"47":2,"48":2,"49":2,"50":2,"51":2,"52":2,"53":1,"54":1},"f":{"0":5,"1":20,"2":1,"3":4,"4":10},"b":{"0":[1,3],"1":[2,2],"2":[4,1],"3":[1,9],"4":[1,7],"5":[1,6],"6":[7,7],"7":[1,5],"8":[1,4],"9":[1,3],"10":[1,2],"11":[3,3,3],"12":[2,1]},"_coverageSchema":"1a1c01bbd47fc00a2c39e90264f33305004495a9","hash":"be8d3d55f8db874a32a127c092b929e1560a0b03"}
,"D:\\james\\cedt\\1-2\\software-engineering\\seraja\\se-project-be-68-2-seraja\\controllers\\campgrounds.js": {"path":"D:\\james\\cedt\\1-2\\software-engineering\\seraja\\se-project-be-68-2-seraja\\controllers\\campgrounds.js","statementMap":{"0":{"start":{"line":1,"column":19},"end":{"line":1,"column":50}},"1":{"start":{"line":2,"column":16},"end":{"line":2,"column":44}},"2":{"start":{"line":7,"column":0},"end":{"line":59,"column":2}},"3":{"start":{"line":8,"column":2},"end":{"line":58,"column":3}},"4":{"start":{"line":10,"column":21},"end":{"line":10,"column":37}},"5":{"start":{"line":13,"column":25},"end":{"line":13,"column":60}},"6":{"start":{"line":15,"column":4},"end":{"line":15,"column":60}},"7":{"start":{"line":15,"column":36},"end":{"line":15,"column":58}},"8":{"start":{"line":18,"column":19},"end":{"line":18,"column":43}},"9":{"start":{"line":20,"column":4},"end":{"line":23,"column":6}},"10":{"start":{"line":22,"column":17},"end":{"line":22,"column":28}},"11":{"start":{"line":25,"column":16},"end":{"line":25,"column":53}},"12":{"start":{"line":28,"column":4},"end":{"line":31,"column":5}},"13":{"start":{"line":29,"column":21},"end":{"line":29,"column":58}},"14":{"start":{"line":30,"column":6},"end":{"line":30,"column":35}},"15":{"start":{"line":34,"column":4},"end":{"line":39,"column":5}},"16":{"start":{"line":35,"column":21},"end":{"line":35,"column":56}},"17":{"start":{"line":36,"column":6},"end":{"line":36,"column":33}},"18":{"start":{"line":38,"column":6},"end":{"line":38,"column":33}},"19":{"start":{"line":42,"column":17},"end":{"line":42,"column":50}},"20":{"start":{"line":43,"column":18},"end":{"line":43,"column":53}},"21":{"start":{"line":44,"column":23},"end":{"line":44,"column":41}},"22":{"start":{"line":46,"column":4},"end":{"line":46,"column":48}},"23":{"start":{"line":48,"column":24},"end":{"line":48,"column":35}},"24":{"start":{"line":50,"column":4},"end":{"line":54,"column":7}},"25":{"start":{"line":56,"column":4},"end":{"line":56,"column":23}},"26":{"start":{"line":57,"column":4},"end":{"line":57,"column":45}},"27":{"start":{"line":64,"column":0},"end":{"line":76,"column":2}},"28":{"start":{"line":65,"column":2},"end":{"line":75,"column":3}},"29":{"start":{"line":66,"column":23},"end":{"line":66,"column":63}},"30":{"start":{"line":68,"column":4},"end":{"line":70,"column":5}},"31":{"start":{"line":69,"column":6},"end":{"line":69,"column":87}},"32":{"start":{"line":72,"column":4},"end":{"line":72,"column":62}},"33":{"start":{"line":74,"column":4},"end":{"line":74,"column":45}},"34":{"start":{"line":81,"column":0},"end":{"line":96,"column":2}},"35":{"start":{"line":82,"column":2},"end":{"line":95,"column":3}},"36":{"start":{"line":83,"column":4},"end":{"line":88,"column":5}},"37":{"start":{"line":84,"column":6},"end":{"line":87,"column":9}},"38":{"start":{"line":90,"column":23},"end":{"line":90,"column":56}},"39":{"start":{"line":91,"column":4},"end":{"line":91,"column":62}},"40":{"start":{"line":93,"column":4},"end":{"line":93,"column":23}},"41":{"start":{"line":94,"column":4},"end":{"line":94,"column":45}},"42":{"start":{"line":101,"column":0},"end":{"line":133,"column":2}},"43":{"start":{"line":102,"column":2},"end":{"line":132,"column":3}},"44":{"start":{"line":103,"column":21},"end":{"line":103,"column":61}},"45":{"start":{"line":105,"column":4},"end":{"line":107,"column":5}},"46":{"start":{"line":106,"column":6},"end":{"line":106,"column":87}},"47":{"start":{"line":109,"column":4},"end":{"line":117,"column":5}},"48":{"start":{"line":113,"column":6},"end":{"line":116,"column":9}},"49":{"start":{"line":120,"column":4},"end":{"line":122,"column":5}},"50":{"start":{"line":121,"column":6},"end":{"line":121,"column":28}},"51":{"start":{"line":124,"column":4},"end":{"line":127,"column":7}},"52":{"start":{"line":129,"column":4},"end":{"line":129,"column":62}},"53":{"start":{"line":131,"column":4},"end":{"line":131,"column":45}},"54":{"start":{"line":138,"column":0},"end":{"line":162,"column":2}},"55":{"start":{"line":139,"column":2},"end":{"line":161,"column":3}},"56":{"start":{"line":140,"column":4},"end":{"line":145,"column":5}},"57":{"start":{"line":141,"column":6},"end":{"line":144,"column":9}},"58":{"start":{"line":147,"column":23},"end":{"line":147,"column":63}},"59":{"start":{"line":149,"column":4},"end":{"line":151,"column":5}},"60":{"start":{"line":150,"column":6},"end":{"line":150,"column":87}},"61":{"start":{"line":154,"column":4},"end":{"line":154,"column":60}},"62":{"start":{"line":155,"column":4},"end":{"line":155,"column":55}},"63":{"start":{"line":157,"column":4},"end":{"line":157,"column":54}},"64":{"start":{"line":159,"column":4},"end":{"line":159,"column":51}},"65":{"start":{"line":160,"column":4},"end":{"line":160,"column":45}}},"fnMap":{"0":{"name":"(anonymous_0)","decl":{"start":{"line":7,"column":25},"end":{"line":7,"column":26}},"loc":{"start":{"line":7,"column":51},"end":{"line":59,"column":1}},"line":7},"1":{"name":"(anonymous_1)","decl":{"start":{"line":15,"column":25},"end":{"line":15,"column":26}},"loc":{"start":{"line":15,"column":36},"end":{"line":15,"column":58}},"line":15},"2":{"name":"(anonymous_2)","decl":{"start":{"line":22,"column":6},"end":{"line":22,"column":7}},"loc":{"start":{"line":22,"column":17},"end":{"line":22,"column":28}},"line":22},"3":{"name":"(anonymous_3)","decl":{"start":{"line":64,"column":24},"end":{"line":64,"column":25}},"loc":{"start":{"line":64,"column":50},"end":{"line":76,"column":1}},"line":64},"4":{"name":"(anonymous_4)","decl":{"start":{"line":81,"column":27},"end":{"line":81,"column":28}},"loc":{"start":{"line":81,"column":53},"end":{"line":96,"column":1}},"line":81},"5":{"name":"(anonymous_5)","decl":{"start":{"line":101,"column":27},"end":{"line":101,"column":28}},"loc":{"start":{"line":101,"column":53},"end":{"line":133,"column":1}},"line":101},"6":{"name":"(anonymous_6)","decl":{"start":{"line":138,"column":27},"end":{"line":138,"column":28}},"loc":{"start":{"line":138,"column":53},"end":{"line":162,"column":1}},"line":138}},"branchMap":{"0":{"loc":{"start":{"line":28,"column":4},"end":{"line":31,"column":5}},"type":"if","locations":[{"start":{"line":28,"column":4},"end":{"line":31,"column":5}},{"start":{},"end":{}}],"line":28},"1":{"loc":{"start":{"line":34,"column":4},"end":{"line":39,"column":5}},"type":"if","locations":[{"start":{"line":34,"column":4},"end":{"line":39,"column":5}},{"start":{"line":37,"column":11},"end":{"line":39,"column":5}}],"line":34},"2":{"loc":{"start":{"line":42,"column":17},"end":{"line":42,"column":50}},"type":"binary-expr","locations":[{"start":{"line":42,"column":17},"end":{"line":42,"column":45}},{"start":{"line":42,"column":49},"end":{"line":42,"column":50}}],"line":42},"3":{"loc":{"start":{"line":43,"column":18},"end":{"line":43,"column":53}},"type":"binary-expr","locations":[{"start":{"line":43,"column":18},"end":{"line":43,"column":47}},{"start":{"line":43,"column":51},"end":{"line":43,"column":53}}],"line":43},"4":{"loc":{"start":{"line":68,"column":4},"end":{"line":70,"column":5}},"type":"if","locations":[{"start":{"line":68,"column":4},"end":{"line":70,"column":5}},{"start":{},"end":{}}],"line":68},"5":{"loc":{"start":{"line":83,"column":4},"end":{"line":88,"column":5}},"type":"if","locations":[{"start":{"line":83,"column":4},"end":{"line":88,"column":5}},{"start":{},"end":{}}],"line":83},"6":{"loc":{"start":{"line":105,"column":4},"end":{"line":107,"column":5}},"type":"if","locations":[{"start":{"line":105,"column":4},"end":{"line":107,"column":5}},{"start":{},"end":{}}],"line":105},"7":{"loc":{"start":{"line":109,"column":4},"end":{"line":117,"column":5}},"type":"if","locations":[{"start":{"line":109,"column":4},"end":{"line":117,"column":5}},{"start":{},"end":{}}],"line":109},"8":{"loc":{"start":{"line":110,"column":6},"end":{"line":111,"column":61}},"type":"binary-expr","locations":[{"start":{"line":110,"column":6},"end":{"line":110,"column":31}},{"start":{"line":111,"column":6},"end":{"line":111,"column":61}}],"line":110},"9":{"loc":{"start":{"line":120,"column":4},"end":{"line":122,"column":5}},"type":"if","locations":[{"start":{"line":120,"column":4},"end":{"line":122,"column":5}},{"start":{},"end":{}}],"line":120},"10":{"loc":{"start":{"line":140,"column":4},"end":{"line":145,"column":5}},"type":"if","locations":[{"start":{"line":140,"column":4},"end":{"line":145,"column":5}},{"start":{},"end":{}}],"line":140},"11":{"loc":{"start":{"line":149,"column":4},"end":{"line":151,"column":5}},"type":"if","locations":[{"start":{"line":149,"column":4},"end":{"line":151,"column":5}},{"start":{},"end":{}}],"line":149}},"s":{"0":1,"1":1,"2":1,"3":3,"4":3,"5":3,"6":3,"7":12,"8":3,"9":3,"10":1,"11":3,"12":3,"13":1,"14":1,"15":3,"16":1,"17":1,"18":2,"19":3,"20":3,"21":3,"22":3,"23":3,"24":2,"25":1,"26":1,"27":1,"28":3,"29":3,"30":2,"31":1,"32":1,"33":1,"34":1,"35":3,"36":3,"37":1,"38":2,"39":1,"40":1,"41":1,"42":1,"43":5,"44":5,"45":4,"46":1,"47":3,"48":1,"49":2,"50":1,"51":2,"52":2,"53":1,"54":1,"55":4,"56":4,"57":1,"58":3,"59":2,"60":1,"61":1,"62":1,"63":1,"64":1,"65":1},"f":{"0":3,"1":12,"2":1,"3":3,"4":3,"5":5,"6":4},"b":{"0":[1,2],"1":[1,2],"2":[3,2],"3":[3,2],"4":[1,1],"5":[1,2],"6":[1,3],"7":[1,2],"8":[3,2],"9":[1,1],"10":[1,3],"11":[1,1]},"_coverageSchema":"1a1c01bbd47fc00a2c39e90264f33305004495a9","hash":"79a2ae20091ee172641f3b2b65711e4e705f7976"}
}
