{"/Users/nattachai/CEDT/project/CampProject/se-project-be-68-2-seraja/controllers/bookings.js": {"path":"/Users/nattachai/CEDT/project/CampProject/se-project-be-68-2-seraja/controllers/bookings.js","statementMap":{"0":{"start":{"line":1,"column":16},"end":{"line":1,"column":44}},"1":{"start":{"line":2,"column":19},"end":{"line":2,"column":50}},"2":{"start":{"line":4,"column":17},"end":{"line":13,"column":1}},"3":{"start":{"line":793,"column":0},"end":{"line":871,"column":2}},"4":{"start":{"line":794,"column":2},"end":{"line":870,"column":3}},"5":{"start":{"line":795,"column":25},"end":{"line":795,"column":38}},"6":{"start":{"line":798,"column":19},"end":{"line":798,"column":35}},"7":{"start":{"line":801,"column":25},"end":{"line":801,"column":60}},"8":{"start":{"line":802,"column":4},"end":{"line":802,"column":60}},"9":{"start":{"line":802,"column":36},"end":{"line":802,"column":58}},"10":{"start":{"line":805,"column":19},"end":{"line":805,"column":43}},"11":{"start":{"line":806,"column":4},"end":{"line":809,"column":6}},"12":{"start":{"line":808,"column":17},"end":{"line":808,"column":28}},"13":{"start":{"line":811,"column":23},"end":{"line":811,"column":43}},"14":{"start":{"line":814,"column":4},"end":{"line":814,"column":29}},"15":{"start":{"line":815,"column":4},"end":{"line":815,"column":33}},"16":{"start":{"line":818,"column":22},"end":{"line":822,"column":5}},"17":{"start":{"line":825,"column":23},"end":{"line":828,"column":5}},"18":{"start":{"line":830,"column":16},"end":{"line":839,"column":6}},"19":{"start":{"line":842,"column":4},"end":{"line":847,"column":5}},"20":{"start":{"line":843,"column":21},"end":{"line":843,"column":56}},"21":{"start":{"line":844,"column":6},"end":{"line":844,"column":33}},"22":{"start":{"line":846,"column":6},"end":{"line":846,"column":46}},"23":{"start":{"line":849,"column":20},"end":{"line":849,"column":31}},"24":{"start":{"line":853,"column":6},"end":{"line":856,"column":11}},"25":{"start":{"line":854,"column":37},"end":{"line":854,"column":65}},"26":{"start":{"line":858,"column":4},"end":{"line":863,"column":7}},"27":{"start":{"line":865,"column":4},"end":{"line":865,"column":23}},"28":{"start":{"line":866,"column":4},"end":{"line":869,"column":7}},"29":{"start":{"line":876,"column":0},"end":{"line":956,"column":2}},"30":{"start":{"line":877,"column":2},"end":{"line":955,"column":3}},"31":{"start":{"line":878,"column":46},"end":{"line":878,"column":54}},"32":{"start":{"line":881,"column":4},"end":{"line":886,"column":5}},"33":{"start":{"line":882,"column":6},"end":{"line":885,"column":9}},"34":{"start":{"line":889,"column":20},"end":{"line":889,"column":57}},"35":{"start":{"line":891,"column":4},"end":{"line":896,"column":5}},"36":{"start":{"line":892,"column":6},"end":{"line":895,"column":9}},"37":{"start":{"line":899,"column":4},"end":{"line":904,"column":5}},"38":{"start":{"line":900,"column":6},"end":{"line":903,"column":9}},"39":{"start":{"line":906,"column":4},"end":{"line":911,"column":5}},"40":{"start":{"line":907,"column":6},"end":{"line":910,"column":9}},"41":{"start":{"line":914,"column":4},"end":{"line":919,"column":5}},"42":{"start":{"line":915,"column":6},"end":{"line":918,"column":9}},"43":{"start":{"line":922,"column":4},"end":{"line":927,"column":5}},"44":{"start":{"line":923,"column":6},"end":{"line":926,"column":9}},"45":{"start":{"line":930,"column":4},"end":{"line":935,"column":5}},"46":{"start":{"line":931,"column":6},"end":{"line":934,"column":9}},"47":{"start":{"line":938,"column":4},"end":{"line":938,"column":42}},"48":{"start":{"line":939,"column":4},"end":{"line":939,"column":52}},"49":{"start":{"line":940,"column":4},"end":{"line":940,"column":42}},"50":{"start":{"line":941,"column":4},"end":{"line":941,"column":32}},"51":{"start":{"line":943,"column":4},"end":{"line":943,"column":25}},"52":{"start":{"line":945,"column":4},"end":{"line":948,"column":7}},"53":{"start":{"line":950,"column":4},"end":{"line":950,"column":23}},"54":{"start":{"line":951,"column":4},"end":{"line":954,"column":7}}},"fnMap":{"0":{"name":"(anonymous_0)","decl":{"start":{"line":793,"column":30},"end":{"line":793,"column":31}},"loc":{"start":{"line":793,"column":50},"end":{"line":871,"column":1}},"line":793},"1":{"name":"(anonymous_1)","decl":{"start":{"line":802,"column":25},"end":{"line":802,"column":26}},"loc":{"start":{"line":802,"column":36},"end":{"line":802,"column":58}},"line":802},"2":{"name":"(anonymous_2)","decl":{"start":{"line":808,"column":6},"end":{"line":808,"column":7}},"loc":{"start":{"line":808,"column":17},"end":{"line":808,"column":28}},"line":808},"3":{"name":"(anonymous_3)","decl":{"start":{"line":854,"column":25},"end":{"line":854,"column":26}},"loc":{"start":{"line":854,"column":37},"end":{"line":854,"column":65}},"line":854},"4":{"name":"(anonymous_4)","decl":{"start":{"line":876,"column":23},"end":{"line":876,"column":24}},"loc":{"start":{"line":876,"column":43},"end":{"line":956,"column":1}},"line":876}},"branchMap":{"0":{"loc":{"start":{"line":842,"column":4},"end":{"line":847,"column":5}},"type":"if","locations":[{"start":{"line":842,"column":4},"end":{"line":847,"column":5}},{"start":{"line":845,"column":11},"end":{"line":847,"column":5}}],"line":842},"1":{"loc":{"start":{"line":853,"column":6},"end":{"line":856,"column":11}},"type":"cond-expr","locations":[{"start":{"line":854,"column":10},"end":{"line":855,"column":24}},{"start":{"line":856,"column":10},"end":{"line":856,"column":11}}],"line":853},"2":{"loc":{"start":{"line":854,"column":44},"end":{"line":854,"column":64}},"type":"binary-expr","locations":[{"start":{"line":854,"column":44},"end":{"line":854,"column":59}},{"start":{"line":854,"column":63},"end":{"line":854,"column":64}}],"line":854},"3":{"loc":{"start":{"line":881,"column":4},"end":{"line":886,"column":5}},"type":"if","locations":[{"start":{"line":881,"column":4},"end":{"line":886,"column":5}},{"start":{},"end":{}}],"line":881},"4":{"loc":{"start":{"line":891,"column":4},"end":{"line":896,"column":5}},"type":"if","locations":[{"start":{"line":891,"column":4},"end":{"line":896,"column":5}},{"start":{},"end":{}}],"line":891},"5":{"loc":{"start":{"line":899,"column":4},"end":{"line":904,"column":5}},"type":"if","locations":[{"start":{"line":899,"column":4},"end":{"line":904,"column":5}},{"start":{},"end":{}}],"line":899},"6":{"loc":{"start":{"line":899,"column":8},"end":{"line":899,"column":76}},"type":"binary-expr","locations":[{"start":{"line":899,"column":8},"end":{"line":899,"column":21}},{"start":{"line":899,"column":25},"end":{"line":899,"column":76}}],"line":899},"7":{"loc":{"start":{"line":906,"column":4},"end":{"line":911,"column":5}},"type":"if","locations":[{"start":{"line":906,"column":4},"end":{"line":911,"column":5}},{"start":{},"end":{}}],"line":906},"8":{"loc":{"start":{"line":914,"column":4},"end":{"line":919,"column":5}},"type":"if","locations":[{"start":{"line":914,"column":4},"end":{"line":919,"column":5}},{"start":{},"end":{}}],"line":914},"9":{"loc":{"start":{"line":922,"column":4},"end":{"line":927,"column":5}},"type":"if","locations":[{"start":{"line":922,"column":4},"end":{"line":927,"column":5}},{"start":{},"end":{}}],"line":922},"10":{"loc":{"start":{"line":930,"column":4},"end":{"line":935,"column":5}},"type":"if","locations":[{"start":{"line":930,"column":4},"end":{"line":935,"column":5}},{"start":{},"end":{}}],"line":930},"11":{"loc":{"start":{"line":930,"column":8},"end":{"line":930,"column":64}},"type":"binary-expr","locations":[{"start":{"line":930,"column":8},"end":{"line":930,"column":22}},{"start":{"line":930,"column":26},"end":{"line":930,"column":43}},{"start":{"line":930,"column":47},"end":{"line":930,"column":64}}],"line":930},"12":{"loc":{"start":{"line":939,"column":29},"end":{"line":939,"column":51}},"type":"binary-expr","locations":[{"start":{"line":939,"column":29},"end":{"line":939,"column":43}},{"start":{"line":939,"column":47},"end":{"line":939,"column":51}}],"line":939}},"s":{"0":1,"1":1,"2":1,"3":1,"4":5,"5":5,"6":5,"7":5,"8":5,"9":20,"10":5,"11":5,"12":1,"13":5,"14":5,"15":5,"16":5,"17":5,"18":5,"19":4,"20":1,"21":1,"22":3,"23":4,"24":4,"25":4,"26":4,"27":1,"28":1,"29":1,"30":10,"31":10,"32":10,"33":1,"34":9,"35":8,"36":1,"37":7,"38":1,"39":6,"40":1,"41":5,"42":1,"43":4,"44":1,"45":3,"46":1,"47":2,"48":2,"49":2,"50":2,"51":2,"52":2,"53":1,"54":1},"f":{"0":5,"1":20,"2":1,"3":4,"4":10},"b":{"0":[1,3],"1":[2,2],"2":[4,1],"3":[1,9],"4":[1,7],"5":[1,6],"6":[7,7],"7":[1,5],"8":[1,4],"9":[1,3],"10":[1,2],"11":[3,3,3],"12":[2,1]},"_coverageSchema":"1a1c01bbd47fc00a2c39e90264f33305004495a9","hash":"9c43e5395dbc995c3735a8ef4529745e3cb1b228"}
}
