TN:
SF:controllers/bookings.js
FN:793,(anonymous_0)
FN:802,(anonymous_1)
FN:808,(anonymous_2)
FN:854,(anonymous_3)
FN:876,(anonymous_4)
FNF:5
FNH:5
FNDA:5,(anonymous_0)
FNDA:20,(anonymous_1)
FNDA:1,(anonymous_2)
FNDA:4,(anonymous_3)
FNDA:10,(anonymous_4)
DA:1,1
DA:2,1
DA:4,1
DA:793,1
DA:794,5
DA:795,5
DA:798,5
DA:801,5
DA:802,20
DA:805,5
DA:806,5
DA:808,1
DA:811,5
DA:814,5
DA:815,5
DA:818,5
DA:825,5
DA:830,5
DA:842,4
DA:843,1
DA:844,1
DA:846,3
DA:849,4
DA:853,4
DA:854,4
DA:858,4
DA:865,1
DA:866,1
DA:876,1
DA:877,10
DA:878,10
DA:881,10
DA:882,1
DA:889,9
DA:891,8
DA:892,1
DA:899,7
DA:900,1
DA:906,6
DA:907,1
DA:914,5
DA:915,1
DA:922,4
DA:923,1
DA:930,3
DA:931,1
DA:938,2
DA:939,2
DA:940,2
DA:941,2
DA:943,2
DA:945,2
DA:950,1
DA:951,1
LF:54
LH:54
BRDA:842,0,0,1
BRDA:842,0,1,3
BRDA:853,1,0,2
BRDA:853,1,1,2
BRDA:854,2,0,4
BRDA:854,2,1,1
BRDA:881,3,0,1
BRDA:881,3,1,9
BRDA:891,4,0,1
BRDA:891,4,1,7
BRDA:899,5,0,1
BRDA:899,5,1,6
BRDA:899,6,0,7
BRDA:899,6,1,7
BRDA:906,7,0,1
BRDA:906,7,1,5
BRDA:914,8,0,1
BRDA:914,8,1,4
BRDA:922,9,0,1
BRDA:922,9,1,3
BRDA:930,10,0,1
BRDA:930,10,1,2
BRDA:930,11,0,3
BRDA:930,11,1,3
BRDA:930,11,2,3
BRDA:939,12,0,2
BRDA:939,12,1,1
BRF:27
BRH:27
end_of_record
